<?xml version="1.0" encoding="UTF-8"?>
<testsuite xmlns:xsi="http://www.w3.org/2001/XMLSchema-instance" xsi:noNamespaceSchemaLocation="https://maven.apache.org/surefire/maven-surefire-plugin/xsd/surefire-test-report.xsd" version="3.0.2" name="com.inditex.pricing.integration.PricingIntegrationTest" time="0.776" tests="5" errors="0" skipped="0" failures="0">
  <properties>
[...]
</properties>
  <testcase name="test3_time21_day14" classname="com.inditex.pricing.integration.PricingIntegrationTest" time="0.222">
    <system-out><![CDATA[
  .   ____          _            __ _ _
 /\\ / ___'_ __ _ _(_)_ __  __ _ \ \ \ \
( ( )\___ | '_ | '_| | '_ \/ _` | \ \ \ \
 \\/  ___)| |_)| | | | | || (_| |  ) ) ) )
  '  |____| .__|_| |_|_| |_\__, | / / / /
 =========|_|==============|___/=/_/_/_/

 :: Spring Boot ::                (v3.5.4)

2025-08-07T01:05:39.977+02:00  INFO 60095 --- [           main] c.i.p.i.PricingIntegrationTest           : Starting PricingIntegrationTest using Java 21.0.8 with PID 60095 (started by RUBENUGAL in /Users/RUBENUGAL/Documents/GithubPerso/pricing)
2025-08-07T01:05:39.977+02:00  INFO 60095 --- [           main] c.i.p.i.PricingIntegrationTest           : No active profile set, falling back to 1 default profile: "default"
2025-08-07T01:05:40.080+02:00  INFO 60095 --- [           main] .s.d.r.c.RepositoryConfigurationDelegate : Bootstrapping Spring Data JPA repositories in DEFAULT mode.
2025-08-07T01:05:40.096+02:00  INFO 60095 --- [           main] .s.d.r.c.RepositoryConfigurationDelegate : Finished Spring Data repository scanning in 15 ms. Found 1 JPA repository interface.
2025-08-07T01:05:40.115+02:00  INFO 60095 --- [           main] beddedDataSourceBeanFactoryPostProcessor : Replacing 'dataSource' DataSource bean with embedded version
2025-08-07T01:05:40.194+02:00  INFO 60095 --- [           main] o.s.b.w.embedded.tomcat.TomcatWebServer  : Tomcat initialized with port 0 (http)
2025-08-07T01:05:40.204+02:00  INFO 60095 --- [           main] o.apache.catalina.core.StandardService   : Starting service [Tomcat]
2025-08-07T01:05:40.204+02:00  INFO 60095 --- [           main] o.apache.catalina.core.StandardEngine    : Starting Servlet engine: [Apache Tomcat/10.1.43]
2025-08-07T01:05:40.231+02:00  INFO 60095 --- [           main] o.a.c.c.C.[Tomcat].[localhost].[/]       : Initializing Spring embedded WebApplicationContext
2025-08-07T01:05:40.231+02:00  INFO 60095 --- [           main] w.s.c.ServletWebServerApplicationContext : Root WebApplicationContext: initialization completed in 253 ms
2025-08-07T01:05:40.254+02:00  INFO 60095 --- [           main] o.s.j.d.e.EmbeddedDatabaseFactory        : Starting embedded database: url='jdbc:h2:mem:677fa318-585a-4cde-a64b-dffb61a74484;DB_CLOSE_DELAY=-1;DB_CLOSE_ON_EXIT=false', username='sa'
2025-08-07T01:05:40.271+02:00  INFO 60095 --- [           main] o.hibernate.jpa.internal.util.LogHelper  : HHH000204: Processing PersistenceUnitInfo [name: default]
2025-08-07T01:05:40.272+02:00  INFO 60095 --- [           main] o.h.c.internal.RegionFactoryInitiator    : HHH000026: Second-level cache disabled
2025-08-07T01:05:40.276+02:00  INFO 60095 --- [           main] o.s.o.j.p.SpringPersistenceUnitInfo      : No LoadTimeWeaver setup: ignoring JPA class transformer
2025-08-07T01:05:40.276+02:00  WARN 60095 --- [           main] org.hibernate.orm.deprecation            : HHH90000025: H2Dialect does not need to be specified explicitly using 'hibernate.dialect' (remove the property setting and it will be selected by default)
2025-08-07T01:05:40.277+02:00  INFO 60095 --- [           main] org.hibernate.orm.connections.pooling    : HHH10001005: Database info:
	Database JDBC URL [Connecting through datasource 'org.springframework.jdbc.datasource.embedded.EmbeddedDatabaseFactory$EmbeddedDataSourceProxy@1bff5ad0']
	Database driver: undefined/unknown
	Database version: 2.3.232
	Autocommit mode: undefined/unknown
	Isolation level: undefined/unknown
	Minimum pool size: undefined/unknown
	Maximum pool size: undefined/unknown
2025-08-07T01:05:40.287+02:00  INFO 60095 --- [           main] o.h.e.t.j.p.i.JtaPlatformInitiator       : HHH000489: No JTA platform available (set 'hibernate.transaction.jta.platform' to enable JTA platform integration)
2025-08-07T01:05:40.289+02:00  INFO 60095 --- [           main] j.LocalContainerEntityManagerFactoryBean : Initialized JPA EntityManagerFactory for persistence unit 'default'
2025-08-07T01:05:40.314+02:00  WARN 60095 --- [           main] JpaBaseConfiguration$JpaWebConfiguration : spring.jpa.open-in-view is enabled by default. Therefore, database queries may be performed during view rendering. Explicitly configure spring.jpa.open-in-view to disable this warning
2025-08-07T01:05:40.321+02:00  INFO 60095 --- [           main] o.s.v.b.OptionalValidatorFactoryBean     : Failed to set up a Bean Validation provider: jakarta.validation.NoProviderFoundException: Unable to create a Configuration, because no Jakarta Bean Validation provider could be found. Add a provider like Hibernate Validator (RI) to your classpath.
2025-08-07T01:05:40.473+02:00  INFO 60095 --- [           main] o.s.b.w.embedded.tomcat.TomcatWebServer  : Tomcat started on port 53856 (http) with context path '/'
2025-08-07T01:05:40.475+02:00  INFO 60095 --- [           main] c.i.p.i.PricingIntegrationTest           : Started PricingIntegrationTest in 0.512 seconds (process running for 3.631)
2025-08-07T01:05:40.561+02:00  INFO 60095 --- [o-auto-1-exec-1] o.a.c.c.C.[Tomcat].[localhost].[/]       : Initializing Spring DispatcherServlet 'dispatcherServlet'
2025-08-07T01:05:40.561+02:00  INFO 60095 --- [o-auto-1-exec-1] o.s.web.servlet.DispatcherServlet        : Initializing Servlet 'dispatcherServlet'
2025-08-07T01:05:40.561+02:00  INFO 60095 --- [o-auto-1-exec-1] o.s.web.servlet.DispatcherServlet        : Completed initialization in 0 ms
]]></system-out>
  </testcase>
  <testcase name="test4_time10_day15" classname="com.inditex.pricing.integration.PricingIntegrationTest" time="0.008"/>
  <testcase name="test1_time10_day14" classname="com.inditex.pricing.integration.PricingIntegrationTest" time="0.006"/>
  <testcase name="test2_time16_day14" classname="com.inditex.pricing.integration.PricingIntegrationTest" time="0.007"/>
  <testcase name="test5_time21_day16" classname="com.inditex.pricing.integration.PricingIntegrationTest" time="0.006"/>
</testsuite>